<?xml version="1.0" encoding="UTF-8"?>
<testng-results ignored="0" total="1" passed="1" failed="0" skipped="0">
  <reporter-output>
  </reporter-output>
  <suite started-at="2020-06-03T03:37:31Z" name="Suite" finished-at="2020-06-03T03:37:56Z" duration-ms="25208">
    <groups>
      <group name="cucumber">
        <method signature="AbstractTestNGCucumberTests.feature(cucumber.api.testng.CucumberFeatureWrapper)[pri:0, instance:com.test.TestRunner.TestRunner@2b72cb8a]" name="feature" class="cucumber.api.testng.AbstractTestNGCucumberTests"/>
      </group> <!-- cucumber -->
    </groups>
    <test started-at="2020-06-03T03:37:31Z" name="Test" finished-at="2020-06-03T03:37:56Z" duration-ms="25208">
      <class name="com.test.TestRunner.TestRunner">
        <test-method is-config="true" signature="SetUp()[pri:0, instance:com.test.TestRunner.TestRunner@2b72cb8a]" started-at="2020-06-03T03:37:31Z" name="SetUp" finished-at="2020-06-03T03:37:37Z" duration-ms="6731" status="PASS">
          <reporter-output>
          </reporter-output>
        </test-method> <!-- SetUp -->
        <test-method is-config="true" signature="setUpClass()[pri:0, instance:com.test.TestRunner.TestRunner@2b72cb8a]" started-at="2020-06-03T03:37:37Z" name="setUpClass" finished-at="2020-06-03T03:37:38Z" duration-ms="383" status="PASS">
          <reporter-output>
          </reporter-output>
        </test-method> <!-- setUpClass -->
        <test-method signature="feature(cucumber.api.testng.CucumberFeatureWrapper)[pri:0, instance:com.test.TestRunner.TestRunner@2b72cb8a]" started-at="2020-06-03T03:37:38Z" name="feature" description="Runs Cucumber Feature" data-provider="features" finished-at="2020-06-03T03:37:55Z" duration-ms="17028" status="PASS">
          <params>
            <param index="0">
              <value>
                <![CDATA[Login]]>
              </value>
            </param>
          </params>
          <reporter-output>
          </reporter-output>
        </test-method> <!-- feature -->
        <test-method is-config="true" signature="tearDownClass()[pri:0, instance:com.test.TestRunner.TestRunner@2b72cb8a]" started-at="2020-06-03T03:37:55Z" name="tearDownClass" finished-at="2020-06-03T03:37:55Z" duration-ms="20" status="PASS">
          <reporter-output>
          </reporter-output>
        </test-method> <!-- tearDownClass -->
        <test-method is-config="true" signature="tearDown()[pri:0, instance:com.test.TestRunner.TestRunner@2b72cb8a]" started-at="2020-06-03T03:37:55Z" name="tearDown" finished-at="2020-06-03T03:37:56Z" duration-ms="849" status="PASS">
          <reporter-output>
          </reporter-output>
        </test-method> <!-- tearDown -->
      </class> <!-- com.test.TestRunner.TestRunner -->
    </test> <!-- Test -->
  </suite> <!-- Suite -->
</testng-results>
