<?xml version="1.0" encoding="UTF-8"?>
<testng-results ignored="0" total="1" passed="1" failed="0" skipped="0">
  <reporter-output>
  </reporter-output>
  <suite started-at="2020-05-31T14:32:18Z" name="Default suite" finished-at="2020-05-31T14:32:39Z" duration-ms="20924">
    <groups>
      <group name="cucumber">
        <method signature="AbstractTestNGCucumberTests.feature(cucumber.api.testng.CucumberFeatureWrapper)[pri:0, instance:com.test.TestRunner.TestRunner@4f704591]" name="feature" class="cucumber.api.testng.AbstractTestNGCucumberTests"/>
      </group> <!-- cucumber -->
    </groups>
    <test started-at="2020-05-31T14:32:18Z" name="Default test" finished-at="2020-05-31T14:32:39Z" duration-ms="20924">
      <class name="com.test.TestRunner.TestRunner">
        <test-method is-config="true" signature="SetUp()[pri:0, instance:com.test.TestRunner.TestRunner@4f704591]" started-at="2020-05-31T14:32:18Z" name="SetUp" finished-at="2020-05-31T14:32:24Z" duration-ms="6254" status="PASS">
          <reporter-output>
          </reporter-output>
        </test-method> <!-- SetUp -->
        <test-method is-config="true" signature="setUpClass()[pri:0, instance:com.test.TestRunner.TestRunner@4f704591]" started-at="2020-05-31T14:32:24Z" name="setUpClass" finished-at="2020-05-31T14:32:24Z" duration-ms="310" status="PASS">
          <reporter-output>
          </reporter-output>
        </test-method> <!-- setUpClass -->
        <test-method signature="feature(cucumber.api.testng.CucumberFeatureWrapper)[pri:0, instance:com.test.TestRunner.TestRunner@4f704591]" started-at="2020-05-31T14:32:25Z" name="feature" description="Runs Cucumber Feature" data-provider="features" finished-at="2020-05-31T14:32:38Z" duration-ms="13273" status="PASS">
          <params>
            <param index="0">
              <value>
                <![CDATA[Login]]>
              </value>
            </param>
          </params>
          <reporter-output>
          </reporter-output>
        </test-method> <!-- feature -->
        <test-method is-config="true" signature="tearDownClass()[pri:0, instance:com.test.TestRunner.TestRunner@4f704591]" started-at="2020-05-31T14:32:38Z" name="tearDownClass" finished-at="2020-05-31T14:32:38Z" duration-ms="23" status="PASS">
          <reporter-output>
          </reporter-output>
        </test-method> <!-- tearDownClass -->
        <test-method is-config="true" signature="tearDown()[pri:0, instance:com.test.TestRunner.TestRunner@4f704591]" started-at="2020-05-31T14:32:38Z" name="tearDown" finished-at="2020-05-31T14:32:39Z" duration-ms="902" status="PASS">
          <reporter-output>
          </reporter-output>
        </test-method> <!-- tearDown -->
      </class> <!-- com.test.TestRunner.TestRunner -->
    </test> <!-- Default test -->
  </suite> <!-- Default suite -->
</testng-results>
